{
  "stats": {
    "suites": 1,
    "tests": 1,
    "passes": 1,
    "pending": 0,
    "failures": 0,
    "start": "2021-09-10T00:59:13.814Z",
    "end": "2021-09-10T00:59:26.798Z",
    "duration": 12984,
    "testsRegistered": 1,
    "passPercent": 100,
    "pendingPercent": 0,
    "other": 0,
    "hasOther": false,
    "skipped": 0,
    "hasSkipped": false
  },
  "results": [
    {
      "uuid": "4fdec536-52f7-4d84-8140-1c1ceb1a57ad",
      "title": "",
      "fullFile": "cypress/integration/Test/TestFramework.js",
      "file": "cypress/integration/Test/TestFramework.js",
      "beforeHooks": [],
      "afterHooks": [],
      "tests": [],
      "suites": [
        {
          "uuid": "73ccd96f-e6af-4166-b04c-5a0ced2fdc82",
          "title": "Miro SignUp page",
          "fullFile": "",
          "file": "",
          "beforeHooks": [],
          "afterHooks": [],
          "tests": [
            {
              "title": "Validate SignUP page with invalid password",
              "fullTitle": "Miro SignUp page Validate SignUP page with invalid password",
              "timedOut": null,
              "duration": 10070,
              "state": "passed",
              "speed": "slow",
              "pass": true,
              "fail": false,
              "pending": false,
              "context": null,
              "code": "const signuppage = new _SignUpPage.default();\ncy.visit(this.data.baseurl);\nsignuppage.getName().type(this.data.name);\nsignuppage.getEmail().type(this.data.email).should('be.visible');\nsignuppage.getPassword().type(this.data.invalidPassword).wait(300).should('be.visible');\nsignuppage.getTermsAndConditionCheckBox().click();\nsignuppage.getSubmitButton().click();\nsignuppage.getErrorMsgOnPasswordField().should('be.visible');",
              "err": {},
              "uuid": "2a0b6192-617a-4b84-aadb-243ac3ee1a47",
              "parentUUID": "73ccd96f-e6af-4166-b04c-5a0ced2fdc82",
              "isHook": false,
              "skipped": false
            }
          ],
          "suites": [],
          "passes": [
            "2a0b6192-617a-4b84-aadb-243ac3ee1a47"
          ],
          "failures": [],
          "pending": [],
          "skipped": [],
          "duration": 10070,
          "root": false,
          "rootEmpty": false,
          "_timeout": 2000
        }
      ],
      "passes": [],
      "failures": [],
      "pending": [],
      "skipped": [],
      "duration": 0,
      "root": true,
      "rootEmpty": true,
      "_timeout": 2000
    }
  ],
  "meta": {
    "mocha": {
      "version": "7.0.1"
    },
    "mochawesome": {
      "options": {
        "quiet": false,
        "reportFilename": "mochawesome",
        "saveHtml": true,
        "saveJson": true,
        "useInlineDiffs": false
      },
      "version": "4.0.1"
    },
    "marge": {
      "options": {
        "reportDir": "cypress/reports",
        "charts": true,
        "reportPageTitle": "My Test Suite",
        "embeddedScreenshots": true,
        "inlineAssets": true
      },
      "version": "4.0.1"
    }
  }
}