{
  "stats": {
    "suites": 1,
    "tests": 1,
    "passes": 1,
    "pending": 0,
    "failures": 0,
    "start": "2021-09-11T03:49:19.418Z",
    "end": "2021-09-11T03:49:32.814Z",
    "duration": 13396,
    "testsRegistered": 1,
    "passPercent": 100,
    "pendingPercent": 0,
    "other": 0,
    "hasOther": false,
    "skipped": 0,
    "hasSkipped": false
  },
  "results": [
    {
      "uuid": "9e5d4ef9-290f-483b-8fd8-07e5b3f7f78b",
      "title": "",
      "fullFile": "cypress/integration/Test/TestFramework.js",
      "file": "cypress/integration/Test/TestFramework.js",
      "beforeHooks": [],
      "afterHooks": [],
      "tests": [],
      "suites": [
        {
          "uuid": "61bf9ac0-bf41-4642-bf38-7f0e6084224d",
          "title": "Miro SignUp page",
          "fullFile": "",
          "file": "",
          "beforeHooks": [],
          "afterHooks": [],
          "tests": [
            {
              "title": "Validate SignUP page without accepting Terms And Condition",
              "fullTitle": "Miro SignUp page Validate SignUP page without accepting Terms And Condition",
              "timedOut": null,
              "duration": 10271,
              "state": "passed",
              "speed": "slow",
              "pass": true,
              "fail": false,
              "pending": false,
              "context": null,
              "code": "const signuppage = new _SignUpPage.default();\ncy.visit(this.data.baseurl);\nsignuppage.getName().type(this.data.name);\nsignuppage.getEmail().type(this.data.email).should('be.visible');\nsignuppage.getPassword().type(this.data.password).should('be.visible');\nsignuppage.getTermsAndConditionCheckBox().should('be.visible');\nsignuppage.getSubmitButton().click().wait(300);\nsignuppage.getErrorMsgOnTnCField().should('be.visible');",
              "err": {},
              "uuid": "9edde9a0-6784-4867-accc-682f7d212494",
              "parentUUID": "61bf9ac0-bf41-4642-bf38-7f0e6084224d",
              "isHook": false,
              "skipped": false
            }
          ],
          "suites": [],
          "passes": [
            "9edde9a0-6784-4867-accc-682f7d212494"
          ],
          "failures": [],
          "pending": [],
          "skipped": [],
          "duration": 10271,
          "root": false,
          "rootEmpty": false,
          "_timeout": 2000
        }
      ],
      "passes": [],
      "failures": [],
      "pending": [],
      "skipped": [],
      "duration": 0,
      "root": true,
      "rootEmpty": true,
      "_timeout": 2000
    }
  ],
  "meta": {
    "mocha": {
      "version": "7.0.1"
    },
    "mochawesome": {
      "options": {
        "quiet": false,
        "reportFilename": "mochawesome",
        "saveHtml": true,
        "saveJson": true,
        "useInlineDiffs": false
      },
      "version": "4.0.1"
    },
    "marge": {
      "options": null,
      "version": "4.0.1"
    }
  }
}